<?xml version="1.0" encoding="UTF-8"?>
<!-- Generated by org.testng.reporters.JUnitReportReporter -->
<testsuite hostname="EzhilRaj" failures="0" tests="1" name="Onboard.Loginpage" time="0.277" errors="0" timestamp="2022-09-21T15:26:18 IST" skipped="0">
  <testcase classname="Onboard.Loginpage" name="LOGIN" time="0.277"/>
  <system-out/>
</testsuite> <!-- Onboard.Loginpage -->
