<?xml version="1.0" encoding="UTF-8"?>
<!-- Generated by org.testng.reporters.JUnitReportReporter -->
<testsuite hostname="LAPTOP-1E5DVH6K" failures="0" tests="1" name="Onboard.Loginpage" time="0.388" errors="0" timestamp="2022-09-01T20:20:05 IST" skipped="0">
  <testcase classname="Onboard.Loginpage" name="LOGIN" time="0.388"/>
  <system-out/>
</testsuite> <!-- Onboard.Loginpage -->
